<?xml version="1.0" encoding="UTF-8"?>
<!-- Generated by org.testng.reporters.JUnitXMLReporter -->
<testsuite hostname="tgayatri-mbp" ignored="0" name="Test" tests="4" failures="0" timestamp="21 Oct 2020 17:21:37 GMT" time="0.037" errors="0">
  <testcase name="GoogleApi" time="0.007" classname="Qaclickacademy.APITest"/>
  <testcase name="JiraApi" time="0.001" classname="Qaclickacademy.APITest"/>
  <testcase name="IOSApps" time="0.001" classname="Qaclickacademy.AppiumTest"/>
  <testcase name="NativeAppAndroid" time="0.001" classname="Qaclickacademy.AppiumTest"/>
</testsuite> <!-- Test -->
