<?xml version="1.0" encoding="UTF-8"?>
<!-- Generated by org.testng.reporters.JUnitXMLReporter -->
<testsuite hostname="tgayatri-mbp" ignored="0" name="Test" tests="6" failures="0" timestamp="2020-10-22T07:50:24 IST" time="0.031" errors="0">
  <testcase name="GoogleApi" time="0.003" classname="Qaclickacademy.APITest"/>
  <testcase name="JiraApi" time="0.0" classname="Qaclickacademy.APITest"/>
  <testcase name="IOSApps" time="0.0" classname="Qaclickacademy.AppiumTest"/>
  <testcase name="NativeAppAndroid" time="0.0" classname="Qaclickacademy.AppiumTest"/>
  <testcase name="BrowserAutomation" time="0.0" classname="Qaclickacademy.SeleniumTest"/>
  <testcase name="ElementsUi" time="0.0" classname="Qaclickacademy.SeleniumTest"/>
</testsuite> <!-- Test -->
