<?xml version="1.0" encoding="UTF-8"?>
<testng-results skipped="0" failed="0" ignored="0" total="6" passed="6">
  <reporter-output>
  </reporter-output>
  <suite name="Suite" duration-ms="31" started-at="2020-10-22T07:50:24 IST" finished-at="2020-10-22T07:50:24 IST">
    <groups>
    </groups>
    <test name="Test" duration-ms="31" started-at="2020-10-22T07:50:24 IST" finished-at="2020-10-22T07:50:24 IST">
      <class name="Qaclickacademy.APITest">
        <test-method status="PASS" signature="GoogleApi()[pri:0, instance:Qaclickacademy.APITest@57536d79]" name="GoogleApi" duration-ms="3" started-at="2020-10-22T07:50:24 IST" finished-at="2020-10-22T07:50:24 IST">
          <reporter-output>
          </reporter-output>
        </test-method> <!-- GoogleApi -->
        <test-method status="PASS" signature="JiraApi()[pri:0, instance:Qaclickacademy.APITest@57536d79]" name="JiraApi" duration-ms="0" started-at="2020-10-22T07:50:24 IST" finished-at="2020-10-22T07:50:24 IST">
          <reporter-output>
          </reporter-output>
        </test-method> <!-- JiraApi -->
      </class> <!-- Qaclickacademy.APITest -->
      <class name="Qaclickacademy.SeleniumTest">
        <test-method status="PASS" signature="ElementsUi()[pri:0, instance:Qaclickacademy.SeleniumTest@5a8e6209]" name="ElementsUi" duration-ms="0" started-at="2020-10-22T07:50:24 IST" finished-at="2020-10-22T07:50:24 IST">
          <reporter-output>
          </reporter-output>
        </test-method> <!-- ElementsUi -->
        <test-method status="PASS" signature="BrowserAutomation()[pri:0, instance:Qaclickacademy.SeleniumTest@5a8e6209]" name="BrowserAutomation" duration-ms="0" started-at="2020-10-22T07:50:24 IST" finished-at="2020-10-22T07:50:24 IST">
          <reporter-output>
          </reporter-output>
        </test-method> <!-- BrowserAutomation -->
      </class> <!-- Qaclickacademy.SeleniumTest -->
      <class name="Qaclickacademy.AppiumTest">
        <test-method status="PASS" signature="NativeAppAndroid()[pri:0, instance:Qaclickacademy.AppiumTest@3b0143d3]" name="NativeAppAndroid" duration-ms="0" started-at="2020-10-22T07:50:24 IST" finished-at="2020-10-22T07:50:24 IST">
          <reporter-output>
          </reporter-output>
        </test-method> <!-- NativeAppAndroid -->
        <test-method status="PASS" signature="IOSApps()[pri:0, instance:Qaclickacademy.AppiumTest@3b0143d3]" name="IOSApps" duration-ms="0" started-at="2020-10-22T07:50:24 IST" finished-at="2020-10-22T07:50:24 IST">
          <reporter-output>
          </reporter-output>
        </test-method> <!-- IOSApps -->
      </class> <!-- Qaclickacademy.AppiumTest -->
    </test> <!-- Test -->
  </suite> <!-- Suite -->
</testng-results>
