<?xml version="1.0" encoding="UTF-8"?>
<testng-results skipped="0" failed="0" ignored="0" total="4" passed="4">
  <reporter-output>
  </reporter-output>
  <suite name="Suite" duration-ms="37" started-at="2020-10-21T17:21:37Z" finished-at="2020-10-21T17:21:37Z">
    <groups>
    </groups>
    <test name="Test" duration-ms="37" started-at="2020-10-21T17:21:37Z" finished-at="2020-10-21T17:21:37Z">
      <class name="Qaclickacademy.APITest">
        <test-method status="PASS" signature="GoogleApi()[pri:0, instance:Qaclickacademy.APITest@6b419da]" name="GoogleApi" duration-ms="7" started-at="2020-10-21T17:21:37Z" finished-at="2020-10-21T17:21:37Z">
          <reporter-output>
          </reporter-output>
        </test-method> <!-- GoogleApi -->
        <test-method status="PASS" signature="JiraApi()[pri:0, instance:Qaclickacademy.APITest@6b419da]" name="JiraApi" duration-ms="1" started-at="2020-10-21T17:21:37Z" finished-at="2020-10-21T17:21:37Z">
          <reporter-output>
          </reporter-output>
        </test-method> <!-- JiraApi -->
      </class> <!-- Qaclickacademy.APITest -->
      <class name="Qaclickacademy.AppiumTest">
        <test-method status="PASS" signature="IOSApps()[pri:0, instance:Qaclickacademy.AppiumTest@3b2da18f]" name="IOSApps" duration-ms="1" started-at="2020-10-21T17:21:37Z" finished-at="2020-10-21T17:21:37Z">
          <reporter-output>
          </reporter-output>
        </test-method> <!-- IOSApps -->
        <test-method status="PASS" signature="NativeAppAndroid()[pri:0, instance:Qaclickacademy.AppiumTest@3b2da18f]" name="NativeAppAndroid" duration-ms="1" started-at="2020-10-21T17:21:37Z" finished-at="2020-10-21T17:21:37Z">
          <reporter-output>
          </reporter-output>
        </test-method> <!-- NativeAppAndroid -->
      </class> <!-- Qaclickacademy.AppiumTest -->
    </test> <!-- Test -->
  </suite> <!-- Suite -->
</testng-results>
